Minggu 5/app/build/intermediates/manifest_merge_blame_file/debug/manifest-merger-blame-debug-report.txt
1<?xml version="1.0" encoding="utf-8"?>
2<manifest xmlns:android="http://schemas.android.com/apk/res/android"
3    package="com.example.minggu5"
4    android:versionCode="1"
5    android:versionName="1.0" >
6
7    <uses-sdk
8        android:minSdkVersion="24"
8-->src/main/AndroidManifest.xml
9        android:targetSdkVersion="33" />
9-->src/main/AndroidManifest.xml
10
11    <permission
11-->[androidx.core:core:1.9.0] AndroidManifest.xml:22:5-24:47
12        android:name="com.example.minggu5.DYNAMIC_RECEIVER_NOT_EXPORTED_PERMISSION"
12-->[androidx.core:core:1.9.0] AndroidManifest.xml:23:9-81
13        android:protectionLevel="signature" />
13-->[androidx.core:core:1.9.0] AndroidManifest.xml:24:9-44
14
15    <uses-permission android:name="com.example.minggu5.DYNAMIC_RECEIVER_NOT_EXPORTED_PERMISSION" />
15-->[androidx.core:core:1.9.0] AndroidManifest.xml:26:5-97
15-->[androidx.core:core:1.9.0] AndroidManifest.xml:26:22-94
16
17    <application
17-->src/main/AndroidManifest.xml:5:5-56:19
18        android:allowBackup="true"
18-->src/main/AndroidManifest.xml:6:9-35
19        android:appComponentFactory="androidx.core.app.CoreComponentFactory"
19-->[androidx.core:core:1.9.0] AndroidManifest.xml:28:18-86
20        android:dataExtractionRules="@xml/data_extraction_rules"
20-->src/main/AndroidManifest.xml:7:9-65
21        android:debuggable="true"
22        android:extractNativeLibs="false"
23        android:fullBackupContent="@xml/backup_rules"
23-->src/main/AndroidManifest.xml:8:9-54
24        android:icon="@mipmap/ic_launcher"
24-->src/main/AndroidManifest.xml:9:9-43
25        android:label="@string/app_name"
25-->src/main/AndroidManifest.xml:10:9-41
26        android:supportsRtl="true"
26-->src/main/AndroidManifest.xml:11:9-35
27        android:testOnly="true"
28        android:theme="@style/Theme.Minggu5" >
28-->src/main/AndroidManifest.xml:12:9-45
29        <activity
29-->src/main/AndroidManifest.xml:14:9-16:40
30            android:name="com.example.minggu5.FirstActivity"
30-->src/main/AndroidManifest.xml:15:13-42
31            android:exported="false" />
31-->src/main/AndroidManifest.xml:16:13-37
32        <activity
32-->src/main/AndroidManifest.xml:17:9-19:40
33            android:name="com.example.minggu5.SecondActivity"
33-->src/main/AndroidManifest.xml:18:13-43
34            android:exported="false" />
34-->src/main/AndroidManifest.xml:19:13-37
35        <activity
35-->src/main/AndroidManifest.xml:20:9-28:20
36            android:name="com.example.minggu5.WhatsappActivity"
36-->src/main/AndroidManifest.xml:21:13-45
37            android:exported="false" >
37-->src/main/AndroidManifest.xml:22:13-37
38            <intent-filter>
38-->src/main/AndroidManifest.xml:23:13-27:29
39                <action android:name="android.intent.action.SEND" />
39-->src/main/AndroidManifest.xml:24:17-69
39-->src/main/AndroidManifest.xml:24:25-66
40
41                <category android:name="android.intent.category.DEFAULT" />
41-->src/main/AndroidManifest.xml:26:17-76
41-->src/main/AndroidManifest.xml:26:27-73
42            </intent-filter>
43        </activity>
44        <activity
44-->src/main/AndroidManifest.xml:29:9-40:20
45            android:name="com.example.minggu5.UrlActivity"
45-->src/main/AndroidManifest.xml:30:13-40
46            android:exported="true" >
46-->src/main/AndroidManifest.xml:31:13-36
47            <intent-filter>
47-->src/main/AndroidManifest.xml:33:13-39:29
48                <action android:name="android.intent.action.VIEW" />
48-->src/main/AndroidManifest.xml:34:17-69
48-->src/main/AndroidManifest.xml:34:25-66
49
50                <category android:name="android.intent.category.DEFAULT" />
50-->src/main/AndroidManifest.xml:26:17-76
50-->src/main/AndroidManifest.xml:26:27-73
51
52                <data android:scheme="http" />
52-->src/main/AndroidManifest.xml:38:17-47
52-->src/main/AndroidManifest.xml:38:23-44
53            </intent-filter>
54        </activity>
55        <activity
55-->src/main/AndroidManifest.xml:41:9-43:40
56            android:name="com.example.minggu5.ExplicitActivity"
56-->src/main/AndroidManifest.xml:42:13-45
57            android:exported="false" />
57-->src/main/AndroidManifest.xml:43:13-37
58        <activity
58-->src/main/AndroidManifest.xml:44:9-46:40
59            android:name="com.example.minggu5.ImplicitActivity"
59-->src/main/AndroidManifest.xml:45:13-45
60            android:exported="false" />
60-->src/main/AndroidManifest.xml:46:13-37
61        <activity
61-->src/main/AndroidManifest.xml:47:9-55:20
62            android:name="com.example.minggu5.MainActivity"
62-->src/main/AndroidManifest.xml:48:13-41
63            android:exported="true" >
63-->src/main/AndroidManifest.xml:49:13-36
64            <intent-filter>
64-->src/main/AndroidManifest.xml:50:13-54:29
65                <action android:name="android.intent.action.MAIN" />
65-->src/main/AndroidManifest.xml:51:17-69
65-->src/main/AndroidManifest.xml:51:25-66
66
67                <category android:name="android.intent.category.LAUNCHER" />
67-->src/main/AndroidManifest.xml:53:17-77
67-->src/main/AndroidManifest.xml:53:27-74
68            </intent-filter>
69        </activity>
70
71        <provider
71-->[androidx.emoji2:emoji2:1.2.0] AndroidManifest.xml:24:9-32:20
72            android:name="androidx.startup.InitializationProvider"
72-->[androidx.emoji2:emoji2:1.2.0] AndroidManifest.xml:25:13-67
73            android:authorities="com.example.minggu5.androidx-startup"
73-->[androidx.emoji2:emoji2:1.2.0] AndroidManifest.xml:26:13-68
74            android:exported="false" >
74-->[androidx.emoji2:emoji2:1.2.0] AndroidManifest.xml:27:13-37
75            <meta-data
75-->[androidx.emoji2:emoji2:1.2.0] AndroidManifest.xml:29:13-31:52
76                android:name="androidx.emoji2.text.EmojiCompatInitializer"
76-->[androidx.emoji2:emoji2:1.2.0] AndroidManifest.xml:30:17-75
77                android:value="androidx.startup" />
77-->[androidx.emoji2:emoji2:1.2.0] AndroidManifest.xml:31:17-49
78            <meta-data
78-->[androidx.lifecycle:lifecycle-process:2.4.1] AndroidManifest.xml:31:13-33:52
79                android:name="androidx.lifecycle.ProcessLifecycleInitializer"
79-->[androidx.lifecycle:lifecycle-process:2.4.1] AndroidManifest.xml:32:17-78
80                android:value="androidx.startup" />
80-->[androidx.lifecycle:lifecycle-process:2.4.1] AndroidManifest.xml:33:17-49
81        </provider>
82    </application>
83
84</manifest>